<?xml version="1.0" encoding="UTF-8"?>
<testsuite xmlns:xsi="http://www.w3.org/2001/XMLSchema-instance" xsi:noNamespaceSchemaLocation="https://maven.apache.org/surefire/maven-surefire-plugin/xsd/surefire-test-report-3.0.xsd" version="3.0" name="com.cjc.payroll.controller.DepartmentControllerTest" time="23.314" tests="3" errors="0" skipped="0" failures="0">
  <properties>
[...]
</properties>
  <testcase name="testCreateDepartmentSuccess" classname="com.cjc.payroll.controller.DepartmentControllerTest" time="3.655">
    <system-out><![CDATA[11:51:14.996 [main] INFO org.springframework.test.context.support.AnnotationConfigContextLoaderUtils -- Could not detect default configuration classes for test class [com.cjc.payroll.controller.DepartmentControllerTest]: DepartmentControllerTest does not declare any static, non-private, non-final, nested classes annotated with @Configuration.
11:51:15.696 [main] INFO org.springframework.boot.test.context.SpringBootTestContextBootstrapper -- Found @SpringBootConfiguration com.cjc.payroll.EmployeePayrollAppApplication for test class com.cjc.payroll.controller.DepartmentControllerTest

  .   ____          _            __ _ _
 /\\ / ___'_ __ _ _(_)_ __  __ _ \ \ \ \
( ( )\___ | '_ | '_| | '_ \/ _` | \ \ \ \
 \\/  ___)| |_)| | | | | || (_| |  ) ) ) )
  '  |____| .__|_| |_|_| |_\__, | / / / /
 =========|_|==============|___/=/_/_/_/
 :: Spring Boot ::                (v3.2.5)

2026-08-17T11:51:16.857+05:30  INFO 36464 --- [           main] c.c.p.c.DepartmentControllerTest         : Starting DepartmentControllerTest using Java 26.0.2 with PID 36464 (started by amankumargola in /Users/amankumargola/Documents/workspace-spring-tools-for-eclipse-5.3.0.RELEASE/EmployeePayrollApp)
2026-08-17T11:51:16.865+05:30  INFO 36464 --- [           main] c.c.p.c.DepartmentControllerTest         : No active profile set, falling back to 1 default profile: "default"
2026-08-17T11:51:19.156+05:30  INFO 36464 --- [           main] .s.d.r.c.RepositoryConfigurationDelegate : Bootstrapping Spring Data JPA repositories in DEFAULT mode.
2026-08-17T11:51:19.316+05:30  INFO 36464 --- [           main] .s.d.r.c.RepositoryConfigurationDelegate : Finished Spring Data repository scanning in 134 ms. Found 2 JPA repository interfaces.
2026-08-17T11:51:21.394+05:30  INFO 36464 --- [           main] o.hibernate.jpa.internal.util.LogHelper  : HHH000204: Processing PersistenceUnitInfo [name: default]
2026-08-17T11:51:21.567+05:30  INFO 36464 --- [           main] org.hibernate.Version                    : HHH000412: Hibernate ORM core version 6.4.4.Final
2026-08-17T11:51:21.703+05:30  INFO 36464 --- [           main] o.h.c.internal.RegionFactoryInitiator    : HHH000026: Second-level cache disabled
2026-08-17T11:51:22.401+05:30  INFO 36464 --- [           main] o.s.o.j.p.SpringPersistenceUnitInfo      : No LoadTimeWeaver setup: ignoring JPA class transformer
2026-08-17T11:51:22.480+05:30  INFO 36464 --- [           main] com.zaxxer.hikari.HikariDataSource       : HikariPool-1 - Starting...
2026-08-17T11:51:23.031+05:30  INFO 36464 --- [           main] com.zaxxer.hikari.pool.HikariPool        : HikariPool-1 - Added connection conn0: url=jdbc:h2:mem:payrolldb user=SA
2026-08-17T11:51:23.034+05:30  INFO 36464 --- [           main] com.zaxxer.hikari.HikariDataSource       : HikariPool-1 - Start completed.
2026-08-17T11:51:23.104+05:30  WARN 36464 --- [           main] org.hibernate.orm.deprecation            : HHH90000025: H2Dialect does not need to be specified explicitly using 'hibernate.dialect' (remove the property setting and it will be selected by default)
2026-08-17T11:51:25.895+05:30  INFO 36464 --- [           main] o.h.e.t.j.p.i.JtaPlatformInitiator       : HHH000489: No JTA platform available (set 'hibernate.transaction.jta.platform' to enable JTA platform integration)
2026-08-17T11:51:26.094+05:30  INFO 36464 --- [           main] j.LocalContainerEntityManagerFactoryBean : Initialized JPA EntityManagerFactory for persistence unit 'default'
2026-08-17T11:51:29.996+05:30  WARN 36464 --- [           main] JpaBaseConfiguration$JpaWebConfiguration : spring.jpa.open-in-view is enabled by default. Therefore, database queries may be performed during view rendering. Explicitly configure spring.jpa.open-in-view to disable this warning
2026-08-17T11:51:32.698+05:30  INFO 36464 --- [           main] o.s.b.a.h2.H2ConsoleAutoConfiguration    : H2 console available at '/h2-console'. Database available at 'jdbc:h2:mem:payrolldb'
2026-08-17T11:51:33.220+05:30  INFO 36464 --- [           main] o.s.b.t.m.w.SpringBootMockServletContext : Initializing Spring TestDispatcherServlet ''
2026-08-17T11:51:33.221+05:30  INFO 36464 --- [           main] o.s.t.web.servlet.TestDispatcherServlet  : Initializing Servlet ''
2026-08-17T11:51:33.228+05:30  INFO 36464 --- [           main] o.s.t.web.servlet.TestDispatcherServlet  : Completed initialization in 4 ms
2026-08-17T11:51:33.338+05:30  INFO 36464 --- [           main] c.c.p.c.DepartmentControllerTest         : Started DepartmentControllerTest in 17.201 seconds (process running for 20.412)
2026-08-17T11:51:35.845+05:30  INFO 36464 --- [           main] com.cjc.payroll.aspect.LoggingAspect     : Enter: com.cjc.payroll.controller.DepartmentController.createDepartment()
2026-08-17T11:51:35.848+05:30  INFO 36464 --- [           main] com.cjc.payroll.aspect.LoggingAspect     : Enter: com.cjc.payroll.service.impl.DepartmentServiceImpl.createDepartment()
2026-08-17T11:51:35.867+05:30  INFO 36464 --- [           main] com.cjc.payroll.aspect.LoggingAspect     : Enter: com.cjc.payroll.repository.DepartmentRepository.existsByDeptCode()
2026-08-17T11:51:36.569+05:30  INFO 36464 --- [           main] com.cjc.payroll.aspect.LoggingAspect     : Exit: com.cjc.payroll.repository.DepartmentRepository.existsByDeptCode() (Execution time: 701 ms)
2026-08-17T11:51:36.573+05:30  INFO 36464 --- [           main] com.cjc.payroll.aspect.LoggingAspect     : Enter: org.springframework.data.repository.CrudRepository.save()
2026-08-17T11:51:36.789+05:30  INFO 36464 --- [           main] com.cjc.payroll.aspect.LoggingAspect     : Exit: org.springframework.data.repository.CrudRepository.save() (Execution time: 214 ms)
2026-08-17T11:51:36.789+05:30  INFO 36464 --- [           main] com.cjc.payroll.aspect.LoggingAspect     : Exit: com.cjc.payroll.service.impl.DepartmentServiceImpl.createDepartment() (Execution time: 940 ms)
2026-08-17T11:51:36.792+05:30  INFO 36464 --- [           main] com.cjc.payroll.aspect.LoggingAspect     : Exit: com.cjc.payroll.controller.DepartmentController.createDepartment() (Execution time: 945 ms)
]]></system-out>
    <system-err><![CDATA[WARNING: A Java agent has been loaded dynamically (/Users/amankumargola/.m2/repository/net/bytebuddy/byte-buddy-agent/1.14.13/byte-buddy-agent-1.14.13.jar)
WARNING: If a serviceability tool is in use, please run with -XX:+EnableDynamicAgentLoading to hide this warning
WARNING: If a serviceability tool is not in use, please run with -Djdk.instrument.traceUsage for more information
WARNING: Dynamic loading of agents will be disallowed by default in a future release
]]></system-err>
  </testcase>
  <testcase name="testSearchDepartmentsPaginationAndQBE" classname="com.cjc.payroll.controller.DepartmentControllerTest" time="0.452">
    <system-out><![CDATA[2026-08-17T11:51:37.105+05:30  INFO 36464 --- [           main] com.cjc.payroll.aspect.LoggingAspect     : Enter: com.cjc.payroll.controller.DepartmentController.createDepartment()
2026-08-17T11:51:37.106+05:30  INFO 36464 --- [           main] com.cjc.payroll.aspect.LoggingAspect     : Enter: com.cjc.payroll.service.impl.DepartmentServiceImpl.createDepartment()
2026-08-17T11:51:37.107+05:30  INFO 36464 --- [           main] com.cjc.payroll.aspect.LoggingAspect     : Enter: com.cjc.payroll.repository.DepartmentRepository.existsByDeptCode()
2026-08-17T11:51:37.112+05:30  INFO 36464 --- [           main] com.cjc.payroll.aspect.LoggingAspect     : Exit: com.cjc.payroll.repository.DepartmentRepository.existsByDeptCode() (Execution time: 5 ms)
2026-08-17T11:51:37.113+05:30  INFO 36464 --- [           main] com.cjc.payroll.aspect.LoggingAspect     : Enter: org.springframework.data.repository.CrudRepository.save()
2026-08-17T11:51:37.117+05:30  INFO 36464 --- [           main] com.cjc.payroll.aspect.LoggingAspect     : Exit: org.springframework.data.repository.CrudRepository.save() (Execution time: 4 ms)
2026-08-17T11:51:37.118+05:30  INFO 36464 --- [           main] com.cjc.payroll.aspect.LoggingAspect     : Exit: com.cjc.payroll.service.impl.DepartmentServiceImpl.createDepartment() (Execution time: 11 ms)
2026-08-17T11:51:37.118+05:30  INFO 36464 --- [           main] com.cjc.payroll.aspect.LoggingAspect     : Exit: com.cjc.payroll.controller.DepartmentController.createDepartment() (Execution time: 12 ms)
2026-08-17T11:51:37.128+05:30  INFO 36464 --- [           main] com.cjc.payroll.aspect.LoggingAspect     : Enter: com.cjc.payroll.controller.DepartmentController.createDepartment()
2026-08-17T11:51:37.128+05:30  INFO 36464 --- [           main] com.cjc.payroll.aspect.LoggingAspect     : Enter: com.cjc.payroll.service.impl.DepartmentServiceImpl.createDepartment()
2026-08-17T11:51:37.129+05:30  INFO 36464 --- [           main] com.cjc.payroll.aspect.LoggingAspect     : Enter: com.cjc.payroll.repository.DepartmentRepository.existsByDeptCode()
2026-08-17T11:51:37.134+05:30  INFO 36464 --- [           main] com.cjc.payroll.aspect.LoggingAspect     : Exit: com.cjc.payroll.repository.DepartmentRepository.existsByDeptCode() (Execution time: 4 ms)
2026-08-17T11:51:37.136+05:30  INFO 36464 --- [           main] com.cjc.payroll.aspect.LoggingAspect     : Enter: org.springframework.data.repository.CrudRepository.save()
2026-08-17T11:51:37.142+05:30  INFO 36464 --- [           main] com.cjc.payroll.aspect.LoggingAspect     : Exit: org.springframework.data.repository.CrudRepository.save() (Execution time: 6 ms)
2026-08-17T11:51:37.142+05:30  INFO 36464 --- [           main] com.cjc.payroll.aspect.LoggingAspect     : Exit: com.cjc.payroll.service.impl.DepartmentServiceImpl.createDepartment() (Execution time: 13 ms)
2026-08-17T11:51:37.143+05:30  INFO 36464 --- [           main] com.cjc.payroll.aspect.LoggingAspect     : Exit: com.cjc.payroll.controller.DepartmentController.createDepartment() (Execution time: 15 ms)
2026-08-17T11:51:37.180+05:30  INFO 36464 --- [           main] com.cjc.payroll.aspect.LoggingAspect     : Enter: com.cjc.payroll.controller.DepartmentController.searchDepartments()
2026-08-17T11:51:37.180+05:30  INFO 36464 --- [           main] com.cjc.payroll.aspect.LoggingAspect     : Enter: com.cjc.payroll.service.impl.DepartmentServiceImpl.searchDepartments()
2026-08-17T11:51:37.232+05:30  INFO 36464 --- [           main] com.cjc.payroll.aspect.LoggingAspect     : Enter: org.springframework.data.repository.query.QueryByExampleExecutor.findAll()
2026-08-17T11:51:37.409+05:30  INFO 36464 --- [           main] com.cjc.payroll.aspect.LoggingAspect     : Exit: org.springframework.data.repository.query.QueryByExampleExecutor.findAll() (Execution time: 172 ms)
2026-08-17T11:51:37.410+05:30  INFO 36464 --- [           main] com.cjc.payroll.aspect.LoggingAspect     : Exit: com.cjc.payroll.service.impl.DepartmentServiceImpl.searchDepartments() (Execution time: 229 ms)
2026-08-17T11:51:37.412+05:30  INFO 36464 --- [           main] com.cjc.payroll.aspect.LoggingAspect     : Exit: com.cjc.payroll.controller.DepartmentController.searchDepartments() (Execution time: 232 ms)
]]></system-out>
  </testcase>
  <testcase name="testFullDepartmentCrudLifecycle" classname="com.cjc.payroll.controller.DepartmentControllerTest" time="0.348">
    <system-out><![CDATA[2026-08-17T11:51:37.560+05:30  INFO 36464 --- [           main] com.cjc.payroll.aspect.LoggingAspect     : Enter: com.cjc.payroll.controller.DepartmentController.createDepartment()
2026-08-17T11:51:37.560+05:30  INFO 36464 --- [           main] com.cjc.payroll.aspect.LoggingAspect     : Enter: com.cjc.payroll.service.impl.DepartmentServiceImpl.createDepartment()
2026-08-17T11:51:37.561+05:30  INFO 36464 --- [           main] com.cjc.payroll.aspect.LoggingAspect     : Enter: com.cjc.payroll.repository.DepartmentRepository.existsByDeptCode()
2026-08-17T11:51:37.567+05:30  INFO 36464 --- [           main] com.cjc.payroll.aspect.LoggingAspect     : Exit: com.cjc.payroll.repository.DepartmentRepository.existsByDeptCode() (Execution time: 6 ms)
2026-08-17T11:51:37.568+05:30  INFO 36464 --- [           main] com.cjc.payroll.aspect.LoggingAspect     : Enter: org.springframework.data.repository.CrudRepository.save()
2026-08-17T11:51:37.572+05:30  INFO 36464 --- [           main] com.cjc.payroll.aspect.LoggingAspect     : Exit: org.springframework.data.repository.CrudRepository.save() (Execution time: 4 ms)
2026-08-17T11:51:37.573+05:30  INFO 36464 --- [           main] com.cjc.payroll.aspect.LoggingAspect     : Exit: com.cjc.payroll.service.impl.DepartmentServiceImpl.createDepartment() (Execution time: 12 ms)
2026-08-17T11:51:37.574+05:30  INFO 36464 --- [           main] com.cjc.payroll.aspect.LoggingAspect     : Exit: com.cjc.payroll.controller.DepartmentController.createDepartment() (Execution time: 14 ms)
2026-08-17T11:51:37.590+05:30  INFO 36464 --- [           main] com.cjc.payroll.aspect.LoggingAspect     : Enter: com.cjc.payroll.controller.DepartmentController.getDepartmentById()
2026-08-17T11:51:37.590+05:30  INFO 36464 --- [           main] com.cjc.payroll.aspect.LoggingAspect     : Enter: com.cjc.payroll.service.impl.DepartmentServiceImpl.getDepartmentById()
2026-08-17T11:51:37.593+05:30  INFO 36464 --- [           main] com.cjc.payroll.aspect.LoggingAspect     : Enter: org.springframework.data.repository.CrudRepository.findById()
2026-08-17T11:51:37.621+05:30  INFO 36464 --- [           main] com.cjc.payroll.aspect.LoggingAspect     : Exit: org.springframework.data.repository.CrudRepository.findById() (Execution time: 27 ms)
2026-08-17T11:51:37.622+05:30  INFO 36464 --- [           main] com.cjc.payroll.aspect.LoggingAspect     : Exit: com.cjc.payroll.service.impl.DepartmentServiceImpl.getDepartmentById() (Execution time: 31 ms)
2026-08-17T11:51:37.623+05:30  INFO 36464 --- [           main] com.cjc.payroll.aspect.LoggingAspect     : Exit: com.cjc.payroll.controller.DepartmentController.getDepartmentById() (Execution time: 33 ms)
2026-08-17T11:51:37.636+05:30  INFO 36464 --- [           main] com.cjc.payroll.aspect.LoggingAspect     : Enter: com.cjc.payroll.controller.DepartmentController.updateDepartment()
2026-08-17T11:51:37.637+05:30  INFO 36464 --- [           main] com.cjc.payroll.aspect.LoggingAspect     : Enter: com.cjc.payroll.service.impl.DepartmentServiceImpl.updateDepartment()
2026-08-17T11:51:37.638+05:30  INFO 36464 --- [           main] com.cjc.payroll.aspect.LoggingAspect     : Enter: org.springframework.data.repository.CrudRepository.findById()
2026-08-17T11:51:37.641+05:30  INFO 36464 --- [           main] com.cjc.payroll.aspect.LoggingAspect     : Exit: org.springframework.data.repository.CrudRepository.findById() (Execution time: 2 ms)
2026-08-17T11:51:37.646+05:30  INFO 36464 --- [           main] com.cjc.payroll.aspect.LoggingAspect     : Enter: org.springframework.data.repository.CrudRepository.save()
2026-08-17T11:51:37.785+05:30  INFO 36464 --- [           main] com.cjc.payroll.aspect.LoggingAspect     : Exit: org.springframework.data.repository.CrudRepository.save() (Execution time: 138 ms)
2026-08-17T11:51:37.786+05:30  INFO 36464 --- [           main] com.cjc.payroll.aspect.LoggingAspect     : Exit: com.cjc.payroll.service.impl.DepartmentServiceImpl.updateDepartment() (Execution time: 148 ms)
2026-08-17T11:51:37.788+05:30  INFO 36464 --- [           main] com.cjc.payroll.aspect.LoggingAspect     : Exit: com.cjc.payroll.controller.DepartmentController.updateDepartment() (Execution time: 151 ms)
2026-08-17T11:51:37.799+05:30  INFO 36464 --- [           main] com.cjc.payroll.aspect.LoggingAspect     : Enter: com.cjc.payroll.controller.DepartmentController.deleteDepartment()
2026-08-17T11:51:37.799+05:30  INFO 36464 --- [           main] com.cjc.payroll.aspect.LoggingAspect     : Enter: com.cjc.payroll.service.impl.DepartmentServiceImpl.deleteDepartment()
2026-08-17T11:51:37.800+05:30  INFO 36464 --- [           main] com.cjc.payroll.aspect.LoggingAspect     : Enter: org.springframework.data.repository.CrudRepository.findById()
2026-08-17T11:51:37.803+05:30  INFO 36464 --- [           main] com.cjc.payroll.aspect.LoggingAspect     : Exit: org.springframework.data.repository.CrudRepository.findById() (Execution time: 3 ms)
2026-08-17T11:51:37.807+05:30  INFO 36464 --- [           main] com.cjc.payroll.aspect.LoggingAspect     : Enter: org.springframework.data.repository.CrudRepository.delete()
2026-08-17T11:51:37.854+05:30  INFO 36464 --- [           main] com.cjc.payroll.aspect.LoggingAspect     : Exit: org.springframework.data.repository.CrudRepository.delete() (Execution time: 46 ms)
2026-08-17T11:51:37.854+05:30  INFO 36464 --- [           main] com.cjc.payroll.aspect.LoggingAspect     : Exit: com.cjc.payroll.service.impl.DepartmentServiceImpl.deleteDepartment() (Execution time: 54 ms)
2026-08-17T11:51:37.855+05:30  INFO 36464 --- [           main] com.cjc.payroll.aspect.LoggingAspect     : Exit: com.cjc.payroll.controller.DepartmentController.deleteDepartment() (Execution time: 56 ms)
2026-08-17T11:51:37.861+05:30  INFO 36464 --- [           main] com.cjc.payroll.aspect.LoggingAspect     : Enter: com.cjc.payroll.controller.DepartmentController.getDepartmentById()
2026-08-17T11:51:37.862+05:30  INFO 36464 --- [           main] com.cjc.payroll.aspect.LoggingAspect     : Enter: com.cjc.payroll.service.impl.DepartmentServiceImpl.getDepartmentById()
2026-08-17T11:51:37.863+05:30  INFO 36464 --- [           main] com.cjc.payroll.aspect.LoggingAspect     : Enter: org.springframework.data.repository.CrudRepository.findById()
2026-08-17T11:51:37.867+05:30  INFO 36464 --- [           main] com.cjc.payroll.aspect.LoggingAspect     : Exit: org.springframework.data.repository.CrudRepository.findById() (Execution time: 4 ms)
2026-08-17T11:51:37.871+05:30 ERROR 36464 --- [           main] com.cjc.payroll.aspect.LoggingAspect     : Exception in com.cjc.payroll.service.impl.DepartmentServiceImpl.getDepartmentById() with cause = 'NULL' and message = 'Department not found with id: 4'
2026-08-17T11:51:37.872+05:30 ERROR 36464 --- [           main] com.cjc.payroll.aspect.LoggingAspect     : Exception in com.cjc.payroll.controller.DepartmentController.getDepartmentById() with cause = 'NULL' and message = 'Department not found with id: 4'
]]></system-out>
  </testcase>
</testsuite>