<?xml version="1.0" encoding="UTF-8"?>
<testsuite xmlns:xsi="http://www.w3.org/2001/XMLSchema-instance" xsi:noNamespaceSchemaLocation="https://maven.apache.org/surefire/maven-surefire-plugin/xsd/surefire-test-report-3.0.xsd" version="3.0" name="com.cjc.contact.ContactAppApplicationTests" time="5.441" tests="3" errors="0" skipped="0" failures="0">
  <properties>
[...]
</properties>
  <testcase name="testCreateAndFetchContactInH2" classname="com.cjc.contact.ContactAppApplicationTests" time="0.321">
    <system-out><![CDATA[2026-08-12T13:42:44.207+05:30  INFO 88034 --- [ContactApp] [           main] t.c.s.AnnotationConfigContextLoaderUtils : Could not detect default configuration classes for test class [com.cjc.contact.ContactAppApplicationTests]: ContactAppApplicationTests does not declare any static, non-private, non-final, nested classes annotated with @Configuration.
2026-08-12T13:42:44.218+05:30  INFO 88034 --- [ContactApp] [           main] .b.t.c.SpringBootTestContextBootstrapper : Found @SpringBootConfiguration com.cjc.contact.ContactAppApplication for test class com.cjc.contact.ContactAppApplicationTests

  .   ____          _            __ _ _
 /\\ / ___'_ __ _ _(_)_ __  __ _ \ \ \ \
( ( )\___ | '_ | '_| | '_ \/ _` | \ \ \ \
 \\/  ___)| |_)| | | | | || (_| |  ) ) ) )
  '  |____| .__|_| |_|_| |_\__, | / / / /
 =========|_|==============|___/=/_/_/_/
 :: Spring Boot ::                (v3.2.5)

2026-08-12T13:42:44.325+05:30  INFO 88034 --- [ContactApp] [           main] c.c.contact.ContactAppApplicationTests   : Starting ContactAppApplicationTests using Java 26.0.2 with PID 88034 (started by amankumargola in /Users/amankumargola/Documents/workspace-spring-tools-for-eclipse-5.3.0.RELEASE/ContactApp)
2026-08-12T13:42:44.325+05:30 DEBUG 88034 --- [ContactApp] [           main] c.c.contact.ContactAppApplicationTests   : Running with Spring Boot v3.2.5, Spring v6.1.6
2026-08-12T13:42:44.325+05:30  INFO 88034 --- [ContactApp] [           main] c.c.contact.ContactAppApplicationTests   : No active profile set, falling back to 1 default profile: "default"
2026-08-12T13:42:44.725+05:30  INFO 88034 --- [ContactApp] [           main] .s.d.r.c.RepositoryConfigurationDelegate : Bootstrapping Spring Data JPA repositories in DEFAULT mode.
2026-08-12T13:42:44.787+05:30  INFO 88034 --- [ContactApp] [           main] .s.d.r.c.RepositoryConfigurationDelegate : Finished Spring Data repository scanning in 50 ms. Found 1 JPA repository interface.
2026-08-12T13:42:45.130+05:30  INFO 88034 --- [ContactApp] [           main] o.hibernate.jpa.internal.util.LogHelper  : HHH000204: Processing PersistenceUnitInfo [name: default]
2026-08-12T13:42:45.214+05:30  INFO 88034 --- [ContactApp] [           main] org.hibernate.Version                    : HHH000412: Hibernate ORM core version 6.4.4.Final
2026-08-12T13:42:45.260+05:30  INFO 88034 --- [ContactApp] [           main] o.h.c.internal.RegionFactoryInitiator    : HHH000026: Second-level cache disabled
2026-08-12T13:42:45.436+05:30  INFO 88034 --- [ContactApp] [           main] o.s.o.j.p.SpringPersistenceUnitInfo      : No LoadTimeWeaver setup: ignoring JPA class transformer
2026-08-12T13:42:45.476+05:30  INFO 88034 --- [ContactApp] [           main] com.zaxxer.hikari.HikariDataSource       : HikariPool-1 - Starting...
2026-08-12T13:42:45.808+05:30  INFO 88034 --- [ContactApp] [           main] com.zaxxer.hikari.pool.HikariPool        : HikariPool-1 - Added connection conn0: url=jdbc:h2:mem:contactdb user=SA
2026-08-12T13:42:45.812+05:30  INFO 88034 --- [ContactApp] [           main] com.zaxxer.hikari.HikariDataSource       : HikariPool-1 - Start completed.
2026-08-12T13:42:45.886+05:30  WARN 88034 --- [ContactApp] [           main] org.hibernate.orm.deprecation            : HHH90000025: H2Dialect does not need to be specified explicitly using 'hibernate.dialect' (remove the property setting and it will be selected by default)
2026-08-12T13:42:47.443+05:30  INFO 88034 --- [ContactApp] [           main] o.h.e.t.j.p.i.JtaPlatformInitiator       : HHH000489: No JTA platform available (set 'hibernate.transaction.jta.platform' to enable JTA platform integration)
2026-08-12T13:42:47.655+05:30 DEBUG 88034 --- [ContactApp] [           main] org.hibernate.SQL                        : 
    create table contacts (
        id bigint generated by default as identity,
        category varchar(30),
        email varchar(100) not null,
        name varchar(50) not null,
        phone varchar(15) not null,
        primary key (id)
    )
Hibernate: 
    create table contacts (
        id bigint generated by default as identity,
        category varchar(30),
        email varchar(100) not null,
        name varchar(50) not null,
        phone varchar(15) not null,
        primary key (id)
    )
2026-08-12T13:42:47.681+05:30  INFO 88034 --- [ContactApp] [           main] j.LocalContainerEntityManagerFactoryBean : Initialized JPA EntityManagerFactory for persistence unit 'default'
2026-08-12T13:42:48.858+05:30  WARN 88034 --- [ContactApp] [           main] JpaBaseConfiguration$JpaWebConfiguration : spring.jpa.open-in-view is enabled by default. Therefore, database queries may be performed during view rendering. Explicitly configure spring.jpa.open-in-view to disable this warning
2026-08-12T13:42:49.065+05:30  INFO 88034 --- [ContactApp] [           main] o.s.b.a.h2.H2ConsoleAutoConfiguration    : H2 console available at '/h2-console'. Database available at 'jdbc:h2:mem:contactdb'
2026-08-12T13:42:49.172+05:30  INFO 88034 --- [ContactApp] [           main] c.c.contact.ContactAppApplicationTests   : Started ContactAppApplicationTests in 4.945 seconds (process running for 11.218)
2026-08-12T13:42:49.372+05:30 DEBUG 88034 --- [ContactApp] [           main] org.hibernate.SQL                        : 
    insert 
    into
        contacts
        (category, email, name, phone, id) 
    values
        (?, ?, ?, ?, default)
Hibernate: 
    insert 
    into
        contacts
        (category, email, name, phone, id) 
    values
        (?, ?, ?, ?, default)
2026-08-12T13:42:49.482+05:30 DEBUG 88034 --- [ContactApp] [           main] org.hibernate.SQL                        : 
    select
        ce1_0.id,
        ce1_0.category,
        ce1_0.email,
        ce1_0.name,
        ce1_0.phone 
    from
        contacts ce1_0 
    where
        ce1_0.id=?
Hibernate: 
    select
        ce1_0.id,
        ce1_0.category,
        ce1_0.email,
        ce1_0.name,
        ce1_0.phone 
    from
        contacts ce1_0 
    where
        ce1_0.id=?
]]></system-out>
  </testcase>
  <testcase name="testH2DatabaseSeedDataLoaded" classname="com.cjc.contact.ContactAppApplicationTests" time="0.138">
    <system-out><![CDATA[2026-08-12T13:42:49.623+05:30 DEBUG 88034 --- [ContactApp] [           main] org.hibernate.SQL                        : 
    select
        ce1_0.id,
        ce1_0.category,
        ce1_0.email,
        ce1_0.name,
        ce1_0.phone 
    from
        contacts ce1_0
Hibernate: 
    select
        ce1_0.id,
        ce1_0.category,
        ce1_0.email,
        ce1_0.name,
        ce1_0.phone 
    from
        contacts ce1_0
]]></system-out>
  </testcase>
  <testcase name="contextLoads" classname="com.cjc.contact.ContactAppApplicationTests" time="0.007"/>
</testsuite>